Build started 01/08/2024 12:04:59.
     1>Project "C:\Users\Pc\Downloads\DanhThuyLinh_KTLT\Bai1\MangCauTruc\MangCauTruc.vcxproj" on node 2 (Build target(s)).
     1>ClCompile:
         C:\Program Files (x86)\Microsoft Visual Studio 12.0\VC\bin\CL.exe /c /ZI /nologo /W3 /WX- /sdl /Od /Oy- /D WIN32 /D _DEBUG /D _CONSOLE /D _LIB /D _UNICODE /D UNICODE /Gm /EHsc /RTC1 /MDd /GS /fp:precise /Zc:wchar_t /Zc:forScope /Fo"Debug\\" /Fd"Debug\vc120.pdb" /Gd /TC /analyze- /errorReport:prompt Bai2.c
         Bai2.c
     1>c:\users\pc\downloads\danhthuylinh_ktlt\bai1\mangcautruc\bai2.c(20): warning C4244: 'return' : conversion from 'double' to 'float', possible loss of data
     1>c:\users\pc\downloads\danhthuylinh_ktlt\bai1\mangcautruc\bai2.c(34): warning C4566: character represented by universal-character-name '\u1EAD' cannot be represented in the current code page (1252)
     1>c:\users\pc\downloads\danhthuylinh_ktlt\bai1\mangcautruc\bai2.c(34): warning C4566: character represented by universal-character-name '\u1ED1' cannot be represented in the current code page (1252)
     1>c:\users\pc\downloads\danhthuylinh_ktlt\bai1\mangcautruc\bai2.c(34): warning C4566: character represented by universal-character-name '\u01B0' cannot be represented in the current code page (1252)
     1>c:\users\pc\downloads\danhthuylinh_ktlt\bai1\mangcautruc\bai2.c(34): warning C4566: character represented by universal-character-name '\u1EE3' cannot be represented in the current code page (1252)
     1>c:\users\pc\downloads\danhthuylinh_ktlt\bai1\mangcautruc\bai2.c(35): error C4996: 'scanf': This function or variable may be unsafe. Consider using scanf_s instead. To disable deprecation, use _CRT_SECURE_NO_WARNINGS. See online help for details.
                 c:\program files (x86)\microsoft visual studio 12.0\vc\include\stdio.h(283) : see declaration of 'scanf'
     1>c:\users\pc\downloads\danhthuylinh_ktlt\bai1\mangcautruc\bai2.c(38): warning C4566: character represented by universal-character-name '\u1ED1' cannot be represented in the current code page (1252)
     1>c:\users\pc\downloads\danhthuylinh_ktlt\bai1\mangcautruc\bai2.c(38): warning C4566: character represented by universal-character-name '\u01B0' cannot be represented in the current code page (1252)
     1>c:\users\pc\downloads\danhthuylinh_ktlt\bai1\mangcautruc\bai2.c(38): warning C4566: character represented by universal-character-name '\u1EE3' cannot be represented in the current code page (1252)
     1>c:\users\pc\downloads\danhthuylinh_ktlt\bai1\mangcautruc\bai2.c(38): warning C4566: character represented by universal-character-name '\u1EC7' cannot be represented in the current code page (1252)
     1>c:\users\pc\downloads\danhthuylinh_ktlt\bai1\mangcautruc\bai2.c(43): warning C4566: character represented by universal-character-name '\u1EAD' cannot be represented in the current code page (1252)
     1>c:\users\pc\downloads\danhthuylinh_ktlt\bai1\mangcautruc\bai2.c(43): warning C4566: character represented by universal-character-name '\u1EE9' cannot be represented in the current code page (1252)
     1>c:\users\pc\downloads\danhthuylinh_ktlt\bai1\mangcautruc\bai2.c(45): warning C4566: character represented by universal-character-name '\u1ED1' cannot be represented in the current code page (1252)
     1>c:\users\pc\downloads\danhthuylinh_ktlt\bai1\mangcautruc\bai2.c(47): warning C4566: character represented by universal-character-name '\u1ECD' cannot be represented in the current code page (1252)
     1>c:\users\pc\downloads\danhthuylinh_ktlt\bai1\mangcautruc\bai2.c(52): warning C4566: character represented by universal-character-name '\u0110' cannot be represented in the current code page (1252)
     1>c:\users\pc\downloads\danhthuylinh_ktlt\bai1\mangcautruc\bai2.c(52): warning C4566: character represented by universal-character-name '\u1EC3' cannot be represented in the current code page (1252)
     1>c:\users\pc\downloads\danhthuylinh_ktlt\bai1\mangcautruc\bai2.c(52): warning C4566: character represented by universal-character-name '\u1EAD' cannot be represented in the current code page (1252)
     1>c:\users\pc\downloads\danhthuylinh_ktlt\bai1\mangcautruc\bai2.c(54): warning C4566: character represented by universal-character-name '\u0110' cannot be represented in the current code page (1252)
     1>c:\users\pc\downloads\danhthuylinh_ktlt\bai1\mangcautruc\bai2.c(54): warning C4566: character represented by universal-character-name '\u1EC3' cannot be represented in the current code page (1252)
     1>c:\users\pc\downloads\danhthuylinh_ktlt\bai1\mangcautruc\bai2.c(54): warning C4566: character represented by universal-character-name '\u1EBF' cannot be represented in the current code page (1252)
     1>c:\users\pc\downloads\danhthuylinh_ktlt\bai1\mangcautruc\bai2.c(66): warning C4566: character represented by universal-character-name '\u1ED1' cannot be represented in the current code page (1252)
     1>c:\users\pc\downloads\danhthuylinh_ktlt\bai1\mangcautruc\bai2.c(66): warning C4566: character represented by universal-character-name '\u1EE9' cannot be represented in the current code page (1252)
     1>c:\users\pc\downloads\danhthuylinh_ktlt\bai1\mangcautruc\bai2.c(66): warning C4566: character represented by universal-character-name '\u1EF1' cannot be represented in the current code page (1252)
     1>c:\users\pc\downloads\danhthuylinh_ktlt\bai1\mangcautruc\bai2.c(67): warning C4566: character represented by universal-character-name '\u1ED1' cannot be represented in the current code page (1252)
     1>c:\users\pc\downloads\danhthuylinh_ktlt\bai1\mangcautruc\bai2.c(68): warning C4566: character represented by universal-character-name '\u1ECD' cannot be represented in the current code page (1252)
     1>c:\users\pc\downloads\danhthuylinh_ktlt\bai1\mangcautruc\bai2.c(69): warning C4566: character represented by universal-character-name '\u0110' cannot be represented in the current code page (1252)
     1>c:\users\pc\downloads\danhthuylinh_ktlt\bai1\mangcautruc\bai2.c(69): warning C4566: character represented by universal-character-name '\u1EC3' cannot be represented in the current code page (1252)
     1>c:\users\pc\downloads\danhthuylinh_ktlt\bai1\mangcautruc\bai2.c(69): warning C4566: character represented by universal-character-name '\u1EAD' cannot be represented in the current code page (1252)
     1>c:\users\pc\downloads\danhthuylinh_ktlt\bai1\mangcautruc\bai2.c(70): warning C4566: character represented by universal-character-name '\u0110' cannot be represented in the current code page (1252)
     1>c:\users\pc\downloads\danhthuylinh_ktlt\bai1\mangcautruc\bai2.c(70): warning C4566: character represented by universal-character-name '\u1EC3' cannot be represented in the current code page (1252)
     1>c:\users\pc\downloads\danhthuylinh_ktlt\bai1\mangcautruc\bai2.c(70): warning C4566: character represented by universal-character-name '\u1EBF' cannot be represented in the current code page (1252)
     1>c:\users\pc\downloads\danhthuylinh_ktlt\bai1\mangcautruc\bai2.c(71): warning C4566: character represented by universal-character-name '\u0110' cannot be represented in the current code page (1252)
     1>c:\users\pc\downloads\danhthuylinh_ktlt\bai1\mangcautruc\bai2.c(71): warning C4566: character represented by universal-character-name '\u1EC3' cannot be represented in the current code page (1252)
     1>c:\users\pc\downloads\danhthuylinh_ktlt\bai1\mangcautruc\bai2.c(71): warning C4566: character represented by universal-character-name '\u1ED5' cannot be represented in the current code page (1252)
     1>c:\users\pc\downloads\danhthuylinh_ktlt\bai1\mangcautruc\bai2.c(71): warning C4566: character represented by universal-character-name '\u1EBF' cannot be represented in the current code page (1252)
     1>c:\users\pc\downloads\danhthuylinh_ktlt\bai1\mangcautruc\bai2.c(72): warning C4566: character represented by universal-character-name '\u0110' cannot be represented in the current code page (1252)
     1>c:\users\pc\downloads\danhthuylinh_ktlt\bai1\mangcautruc\bai2.c(72): warning C4566: character represented by universal-character-name '\u1EC3' cannot be represented in the current code page (1252)
     1>c:\users\pc\downloads\danhthuylinh_ktlt\bai1\mangcautruc\bai2.c(72): warning C4566: character represented by universal-character-name '\u1EC7' cannot be represented in the current code page (1252)
     1>c:\users\pc\downloads\danhthuylinh_ktlt\bai1\mangcautruc\bai2.c(141): warning C4566: character represented by universal-character-name '\u1EC3' cannot be represented in the current code page (1252)
     1>c:\users\pc\downloads\danhthuylinh_ktlt\bai1\mangcautruc\bai2.c(141): warning C4566: character represented by universal-character-name '\u1EDF' cannot be represented in the current code page (1252)
     1>c:\users\pc\downloads\danhthuylinh_ktlt\bai1\mangcautruc\bai2.c(141): warning C4566: character represented by universal-character-name '\u0111' cannot be represented in the current code page (1252)
     1>c:\users\pc\downloads\danhthuylinh_ktlt\bai1\mangcautruc\bai2.c(141): warning C4566: character represented by universal-character-name '\u1EEF' cannot be represented in the current code page (1252)
     1>c:\users\pc\downloads\danhthuylinh_ktlt\bai1\mangcautruc\bai2.c(141): warning C4566: character represented by universal-character-name '\u1EC7' cannot be represented in the current code page (1252)
     1>c:\users\pc\downloads\danhthuylinh_ktlt\bai1\mangcautruc\bai2.c(163): warning C4566: character represented by universal-character-name '\u1EC3' cannot be represented in the current code page (1252)
     1>c:\users\pc\downloads\danhthuylinh_ktlt\bai1\mangcautruc\bai2.c(163): warning C4566: character represented by universal-character-name '\u1EDF' cannot be represented in the current code page (1252)
     1>c:\users\pc\downloads\danhthuylinh_ktlt\bai1\mangcautruc\bai2.c(163): warning C4566: character represented by universal-character-name '\u0111' cannot be represented in the current code page (1252)
     1>c:\users\pc\downloads\danhthuylinh_ktlt\bai1\mangcautruc\bai2.c(163): warning C4566: character represented by universal-character-name '\u1ECD' cannot be represented in the current code page (1252)
     1>c:\users\pc\downloads\danhthuylinh_ktlt\bai1\mangcautruc\bai2.c(163): warning C4566: character represented by universal-character-name '\u1EEF' cannot be represented in the current code page (1252)
     1>c:\users\pc\downloads\danhthuylinh_ktlt\bai1\mangcautruc\bai2.c(163): warning C4566: character represented by universal-character-name '\u1EC7' cannot be represented in the current code page (1252)
     1>c:\users\pc\downloads\danhthuylinh_ktlt\bai1\mangcautruc\bai2.c(195): warning C4566: character represented by universal-character-name '\u0111' cannot be represented in the current code page (1252)
     1>c:\users\pc\downloads\danhthuylinh_ktlt\bai1\mangcautruc\bai2.c(195): warning C4566: character represented by universal-character-name '\u1EC3' cannot be represented in the current code page (1252)
     1>c:\users\pc\downloads\danhthuylinh_ktlt\bai1\mangcautruc\bai2.c(195): warning C4566: character represented by universal-character-name '\u1ED5' cannot be represented in the current code page (1252)
     1>c:\users\pc\downloads\danhthuylinh_ktlt\bai1\mangcautruc\bai2.c(195): warning C4566: character represented by universal-character-name '\u1EBF' cannot be represented in the current code page (1252)
     1>c:\users\pc\downloads\danhthuylinh_ktlt\bai1\mangcautruc\bai2.c(195): warning C4566: character represented by universal-character-name '\u1EA5' cannot be represented in the current code page (1252)
     1>c:\users\pc\downloads\danhthuylinh_ktlt\bai1\mangcautruc\bai2.c(197): warning C4566: character represented by universal-character-name '\u0111' cannot be represented in the current code page (1252)
     1>c:\users\pc\downloads\danhthuylinh_ktlt\bai1\mangcautruc\bai2.c(197): warning C4566: character represented by universal-character-name '\u1EC3' cannot be represented in the current code page (1252)
     1>c:\users\pc\downloads\danhthuylinh_ktlt\bai1\mangcautruc\bai2.c(197): warning C4566: character represented by universal-character-name '\u1ED5' cannot be represented in the current code page (1252)
     1>c:\users\pc\downloads\danhthuylinh_ktlt\bai1\mangcautruc\bai2.c(197): warning C4566: character represented by universal-character-name '\u1EBF' cannot be represented in the current code page (1252)
     1>c:\users\pc\downloads\danhthuylinh_ktlt\bai1\mangcautruc\bai2.c(197): warning C4566: character represented by universal-character-name '\u1EA5' cannot be represented in the current code page (1252)
     1>c:\users\pc\downloads\danhthuylinh_ktlt\bai1\mangcautruc\bai2.c(203): warning C4566: character represented by universal-character-name '\u1ED1' cannot be represented in the current code page (1252)
     1>c:\users\pc\downloads\danhthuylinh_ktlt\bai1\mangcautruc\bai2.c(203): warning C4566: character represented by universal-character-name '\u0111' cannot be represented in the current code page (1252)
     1>c:\users\pc\downloads\danhthuylinh_ktlt\bai1\mangcautruc\bai2.c(203): warning C4566: character represented by universal-character-name '\u1EA1' cannot be represented in the current code page (1252)
     1>c:\users\pc\downloads\danhthuylinh_ktlt\bai1\mangcautruc\bai2.c(203): warning C4566: character represented by universal-character-name '\u1EA7' cannot be represented in the current code page (1252)
     1>c:\users\pc\downloads\danhthuylinh_ktlt\bai1\mangcautruc\bai2.c(204): warning C4566: character represented by universal-character-name '\u1ED1' cannot be represented in the current code page (1252)
     1>c:\users\pc\downloads\danhthuylinh_ktlt\bai1\mangcautruc\bai2.c(204): warning C4566: character represented by universal-character-name '\u0111' cannot be represented in the current code page (1252)
     1>c:\users\pc\downloads\danhthuylinh_ktlt\bai1\mangcautruc\bai2.c(204): warning C4566: character represented by universal-character-name '\u1EA1' cannot be represented in the current code page (1252)
     1>c:\users\pc\downloads\danhthuylinh_ktlt\bai1\mangcautruc\bai2.c(204): warning C4566: character represented by universal-character-name '\u1EA7' cannot be represented in the current code page (1252)
     1>c:\users\pc\downloads\danhthuylinh_ktlt\bai1\mangcautruc\bai2.c(208): warning C4566: character represented by universal-character-name '\u0110' cannot be represented in the current code page (1252)
     1>c:\users\pc\downloads\danhthuylinh_ktlt\bai1\mangcautruc\bai2.c(208): warning C4566: character represented by universal-character-name '\u1EC3' cannot be represented in the current code page (1252)
     1>c:\users\pc\downloads\danhthuylinh_ktlt\bai1\mangcautruc\bai2.c(208): warning C4566: character represented by universal-character-name '\u1EE7' cannot be represented in the current code page (1252)
     1>c:\users\pc\downloads\danhthuylinh_ktlt\bai1\mangcautruc\bai2.c(208): warning C4566: character represented by universal-character-name '\u1EA5' cannot be represented in the current code page (1252)
     1>c:\users\pc\downloads\danhthuylinh_ktlt\bai1\mangcautruc\bai2.c(208): warning C4566: character represented by universal-character-name '\u1EA3' cannot be represented in the current code page (1252)
     1>c:\users\pc\downloads\danhthuylinh_ktlt\bai1\mangcautruc\bai2.c(212): warning C4566: character represented by universal-character-name '\u1EAF' cannot be represented in the current code page (1252)
     1>c:\users\pc\downloads\danhthuylinh_ktlt\bai1\mangcautruc\bai2.c(212): warning C4566: character represented by universal-character-name '\u1EBF' cannot be represented in the current code page (1252)
     1>c:\users\pc\downloads\danhthuylinh_ktlt\bai1\mangcautruc\bai2.c(212): warning C4566: character represented by universal-character-name '\u0111' cannot be represented in the current code page (1252)
     1>c:\users\pc\downloads\danhthuylinh_ktlt\bai1\mangcautruc\bai2.c(212): warning C4566: character represented by universal-character-name '\u1EC3' cannot be represented in the current code page (1252)
     1>c:\users\pc\downloads\danhthuylinh_ktlt\bai1\mangcautruc\bai2.c(212): warning C4566: character represented by universal-character-name '\u1ED5' cannot be represented in the current code page (1252)
     1>c:\users\pc\downloads\danhthuylinh_ktlt\bai1\mangcautruc\bai2.c(212): warning C4566: character represented by universal-character-name '\u0103' cannot be represented in the current code page (1252)
     1>c:\users\pc\downloads\danhthuylinh_ktlt\bai1\mangcautruc\bai2.c(212): warning C4566: character represented by universal-character-name '\u1EA7' cannot be represented in the current code page (1252)
     1>c:\users\pc\downloads\danhthuylinh_ktlt\bai1\mangcautruc\bai2.c(216): warning C4566: character represented by universal-character-name '\u1EAF' cannot be represented in the current code page (1252)
     1>c:\users\pc\downloads\danhthuylinh_ktlt\bai1\mangcautruc\bai2.c(216): warning C4566: character represented by universal-character-name '\u1EBF' cannot be represented in the current code page (1252)
     1>c:\users\pc\downloads\danhthuylinh_ktlt\bai1\mangcautruc\bai2.c(216): warning C4566: character represented by universal-character-name '\u0111' cannot be represented in the current code page (1252)
     1>c:\users\pc\downloads\danhthuylinh_ktlt\bai1\mangcautruc\bai2.c(216): warning C4566: character represented by universal-character-name '\u1EC3' cannot be represented in the current code page (1252)
     1>c:\users\pc\downloads\danhthuylinh_ktlt\bai1\mangcautruc\bai2.c(216): warning C4566: character represented by universal-character-name '\u1ED5' cannot be represented in the current code page (1252)
     1>c:\users\pc\downloads\danhthuylinh_ktlt\bai1\mangcautruc\bai2.c(216): warning C4566: character represented by universal-character-name '\u1EA3' cannot be represented in the current code page (1252)
     1>c:\users\pc\downloads\danhthuylinh_ktlt\bai1\mangcautruc\bai2.c(216): warning C4566: character represented by universal-character-name '\u1EA7' cannot be represented in the current code page (1252)
     1>c:\users\pc\downloads\danhthuylinh_ktlt\bai1\mangcautruc\bai2.c(226): warning C4566: character represented by universal-character-name '\u1EEF' cannot be represented in the current code page (1252)
     1>c:\users\pc\downloads\danhthuylinh_ktlt\bai1\mangcautruc\bai2.c(226): warning C4566: character represented by universal-character-name '\u1EC7' cannot be represented in the current code page (1252)
     1>c:\users\pc\downloads\danhthuylinh_ktlt\bai1\mangcautruc\bai2.c(226): warning C4566: character represented by universal-character-name '\u0111' cannot be represented in the current code page (1252)
     1>c:\users\pc\downloads\danhthuylinh_ktlt\bai1\mangcautruc\bai2.c(226): warning C4566: character represented by universal-character-name '\u1ECD' cannot be represented in the current code page (1252)
     1>c:\users\pc\downloads\danhthuylinh_ktlt\bai1\mangcautruc\bai2.c(226): warning C4566: character represented by universal-character-name '\u1EEB' cannot be represented in the current code page (1252)
     1>Done Building Project "C:\Users\Pc\Downloads\DanhThuyLinh_KTLT\Bai1\MangCauTruc\MangCauTruc.vcxproj" (Build target(s)) -- FAILED.

Build FAILED.

Time Elapsed 00:00:00.29
