Build started 01/08/2024 4:02:42 CH.
     1>Project "D:\TestMVC\Project4\Project4\Project4.vcxproj" on node 2 (Build target(s)).
     1>ClCompile:
         C:\Program Files (x86)\VISUAL\VC\bin\CL.exe /c /ZI /nologo /W3 /WX- /sdl /Od /Oy- /D _MBCS /Gm /EHsc /RTC1 /MDd /GS /fp:precise /Zc:wchar_t /Zc:forScope /Fo"Debug\\" /Fd"Debug\vc120.pdb" /Gd /TP /analyze- /errorReport:prompt Source.cpp
         Source.cpp
     1>d:\testmvc\project4\project4\source.cpp(8): warning C4566: character represented by universal-character-name '\u1EAD' cannot be represented in the current code page (1252)
     1>d:\testmvc\project4\project4\source.cpp(8): warning C4566: character represented by universal-character-name '\u1EA7' cannot be represented in the current code page (1252)
     1>d:\testmvc\project4\project4\source.cpp(8): warning C4566: character represented by universal-character-name '\u1EED' cannot be represented in the current code page (1252)
     1>d:\testmvc\project4\project4\source.cpp(8): warning C4566: character represented by universal-character-name '\u1EE7' cannot be represented in the current code page (1252)
     1>d:\testmvc\project4\project4\source.cpp(8): warning C4566: character represented by universal-character-name '\u1EA3' cannot be represented in the current code page (1252)
     1>d:\testmvc\project4\project4\source.cpp(15): warning C4566: character represented by universal-character-name '\u1EA3' cannot be represented in the current code page (1252)
     1>d:\testmvc\project4\project4\source.cpp(124): warning C4566: character represented by universal-character-name '\u1ED1' cannot be represented in the current code page (1252)
     1>d:\testmvc\project4\project4\source.cpp(124): warning C4566: character represented by universal-character-name '\u1EA3' cannot be represented in the current code page (1252)
     1>d:\testmvc\project4\project4\source.cpp(145): warning C4566: character represented by universal-character-name '\u1ED1' cannot be represented in the current code page (1252)
     1>d:\testmvc\project4\project4\source.cpp(145): warning C4566: character represented by universal-character-name '\u1EC7' cannot be represented in the current code page (1252)
     1>d:\testmvc\project4\project4\source.cpp(145): warning C4566: character represented by universal-character-name '\u1EA3' cannot be represented in the current code page (1252)
     1>d:\testmvc\project4\project4\source.cpp(162): warning C4566: character represented by universal-character-name '\u1EA7' cannot be represented in the current code page (1252)
     1>d:\testmvc\project4\project4\source.cpp(162): warning C4566: character represented by universal-character-name '\u1EED' cannot be represented in the current code page (1252)
     1>d:\testmvc\project4\project4\source.cpp(162): warning C4566: character represented by universal-character-name '\u1EDF' cannot be represented in the current code page (1252)
     1>d:\testmvc\project4\project4\source.cpp(162): warning C4566: character represented by universal-character-name '\u1ECB' cannot be represented in the current code page (1252)
     1>d:\testmvc\project4\project4\source.cpp(162): warning C4566: character represented by universal-character-name '\u1EB5' cannot be represented in the current code page (1252)
     1>d:\testmvc\project4\project4\source.cpp(170): warning C4566: character represented by universal-character-name '\u1EA7' cannot be represented in the current code page (1252)
     1>d:\testmvc\project4\project4\source.cpp(170): warning C4566: character represented by universal-character-name '\u1EED' cannot be represented in the current code page (1252)
     1>d:\testmvc\project4\project4\source.cpp(170): warning C4566: character represented by universal-character-name '\u1EDF' cannot be represented in the current code page (1252)
     1>d:\testmvc\project4\project4\source.cpp(170): warning C4566: character represented by universal-character-name '\u1ECB' cannot be represented in the current code page (1252)
     1>d:\testmvc\project4\project4\source.cpp(170): warning C4566: character represented by universal-character-name '\u1EBB' cannot be represented in the current code page (1252)
     1>d:\testmvc\project4\project4\source.cpp(181): warning C4566: character represented by universal-character-name '\u1ECB' cannot be represented in the current code page (1252)
     1>d:\testmvc\project4\project4\source.cpp(188): warning C4566: character represented by universal-character-name '\u1ECB' cannot be represented in the current code page (1252)
     1>d:\testmvc\project4\project4\source.cpp(219): warning C4566: character represented by universal-character-name '\u1EAD' cannot be represented in the current code page (1252)
     1>d:\testmvc\project4\project4\source.cpp(219): warning C4566: character represented by universal-character-name '\u1ED1' cannot be represented in the current code page (1252)
     1>d:\testmvc\project4\project4\source.cpp(219): warning C4566: character represented by universal-character-name '\u1EA7' cannot be represented in the current code page (1252)
     1>d:\testmvc\project4\project4\source.cpp(219): warning C4566: character represented by universal-character-name '\u1EED' cannot be represented in the current code page (1252)
     1>d:\testmvc\project4\project4\source.cpp(219): warning C4566: character represented by universal-character-name '\u1EE7' cannot be represented in the current code page (1252)
     1>d:\testmvc\project4\project4\source.cpp(219): warning C4566: character represented by universal-character-name '\u1EA3' cannot be represented in the current code page (1252)
     1>d:\testmvc\project4\project4\source.cpp(224): warning C4566: character represented by universal-character-name '\u1ECB' cannot be represented in the current code page (1252)
     1>d:\testmvc\project4\project4\source.cpp(224): warning C4566: character represented by universal-character-name '\u1EDB' cannot be represented in the current code page (1252)
     1>d:\testmvc\project4\project4\source.cpp(224): warning C4566: character represented by universal-character-name '\u1EA5' cannot be represented in the current code page (1252)
     1>d:\testmvc\project4\project4\source.cpp(225): warning C4566: character represented by universal-character-name '\u1ECB' cannot be represented in the current code page (1252)
     1>d:\testmvc\project4\project4\source.cpp(225): warning C4566: character represented by universal-character-name '\u1ECF' cannot be represented in the current code page (1252)
     1>d:\testmvc\project4\project4\source.cpp(225): warning C4566: character represented by universal-character-name '\u1EA5' cannot be represented in the current code page (1252)
     1>d:\testmvc\project4\project4\source.cpp(226): warning C4566: character represented by universal-character-name '\u1ED1' cannot be represented in the current code page (1252)
     1>d:\testmvc\project4\project4\source.cpp(226): warning C4566: character represented by universal-character-name '\u1EA7' cannot be represented in the current code page (1252)
     1>d:\testmvc\project4\project4\source.cpp(226): warning C4566: character represented by universal-character-name '\u1EED' cannot be represented in the current code page (1252)
     1>d:\testmvc\project4\project4\source.cpp(226): warning C4566: character represented by universal-character-name '\u1EB5' cannot be represented in the current code page (1252)
     1>d:\testmvc\project4\project4\source.cpp(227): warning C4566: character represented by universal-character-name '\u1ED1' cannot be represented in the current code page (1252)
     1>d:\testmvc\project4\project4\source.cpp(227): warning C4566: character represented by universal-character-name '\u1EA7' cannot be represented in the current code page (1252)
     1>d:\testmvc\project4\project4\source.cpp(227): warning C4566: character represented by universal-character-name '\u1EED' cannot be represented in the current code page (1252)
     1>d:\testmvc\project4\project4\source.cpp(227): warning C4566: character represented by universal-character-name '\u1EBB' cannot be represented in the current code page (1252)
     1>d:\testmvc\project4\project4\source.cpp(230): warning C4566: character represented by universal-character-name '\u1EAD' cannot be represented in the current code page (1252)
     1>d:\testmvc\project4\project4\source.cpp(230): warning C4566: character represented by universal-character-name '\u1EA7' cannot be represented in the current code page (1252)
     1>d:\testmvc\project4\project4\source.cpp(230): warning C4566: character represented by universal-character-name '\u1EED' cannot be represented in the current code page (1252)
     1>d:\testmvc\project4\project4\source.cpp(234): warning C4566: character represented by universal-character-name '\u1EA5' cannot be represented in the current code page (1252)
     1>d:\testmvc\project4\project4\source.cpp(234): warning C4566: character represented by universal-character-name '\u1EA3' cannot be represented in the current code page (1252)
     1>d:\testmvc\project4\project4\source.cpp(237): warning C4566: character represented by universal-character-name '\u1EA5' cannot be represented in the current code page (1252)
     1>d:\testmvc\project4\project4\source.cpp(237): warning C4566: character represented by universal-character-name '\u1EA1' cannot be represented in the current code page (1252)
     1>d:\testmvc\project4\project4\source.cpp(237): warning C4566: character represented by universal-character-name '\u1ECB' cannot be represented in the current code page (1252)
     1>d:\testmvc\project4\project4\source.cpp(237): warning C4566: character represented by universal-character-name '\u1EBF' cannot be represented in the current code page (1252)
     1>d:\testmvc\project4\project4\source.cpp(241): warning C4566: character represented by universal-character-name '\u1EA5' cannot be represented in the current code page (1252)
     1>d:\testmvc\project4\project4\source.cpp(241): warning C4566: character represented by universal-character-name '\u1EA3' cannot be represented in the current code page (1252)
     1>d:\testmvc\project4\project4\source.cpp(244): warning C4566: character represented by universal-character-name '\u1EA5' cannot be represented in the current code page (1252)
     1>d:\testmvc\project4\project4\source.cpp(244): warning C4566: character represented by universal-character-name '\u1EA1' cannot be represented in the current code page (1252)
     1>d:\testmvc\project4\project4\source.cpp(244): warning C4566: character represented by universal-character-name '\u1ECB' cannot be represented in the current code page (1252)
     1>d:\testmvc\project4\project4\source.cpp(244): warning C4566: character represented by universal-character-name '\u1EBF' cannot be represented in the current code page (1252)
     1>d:\testmvc\project4\project4\source.cpp(246): warning C4566: character represented by universal-character-name '\u1ED1' cannot be represented in the current code page (1252)
     1>d:\testmvc\project4\project4\source.cpp(246): warning C4566: character represented by universal-character-name '\u1EA7' cannot be represented in the current code page (1252)
     1>d:\testmvc\project4\project4\source.cpp(246): warning C4566: character represented by universal-character-name '\u1EA5' cannot be represented in the current code page (1252)
     1>d:\testmvc\project4\project4\source.cpp(246): warning C4566: character represented by universal-character-name '\u1EC7' cannot be represented in the current code page (1252)
     1>d:\testmvc\project4\project4\source.cpp(246): warning C4566: character represented by universal-character-name '\u1EE7' cannot be represented in the current code page (1252)
     1>d:\testmvc\project4\project4\source.cpp(247): warning C4566: character represented by universal-character-name '\u1ED1' cannot be represented in the current code page (1252)
     1>d:\testmvc\project4\project4\source.cpp(247): warning C4566: character represented by universal-character-name '\u1EA7' cannot be represented in the current code page (1252)
     1>d:\testmvc\project4\project4\source.cpp(247): warning C4566: character represented by universal-character-name '\u1EED' cannot be represented in the current code page (1252)
     1>d:\testmvc\project4\project4\source.cpp(247): warning C4566: character represented by universal-character-name '\u1EDB' cannot be represented in the current code page (1252)
     1>d:\testmvc\project4\project4\source.cpp(247): warning C4566: character represented by universal-character-name '\u01A1' cannot be represented in the current code page (1252)
     1>d:\testmvc\project4\project4\source.cpp(248): warning C4566: character represented by universal-character-name '\u1ED5' cannot be represented in the current code page (1252)
     1>d:\testmvc\project4\project4\source.cpp(248): warning C4566: character represented by universal-character-name '\u1EA7' cannot be represented in the current code page (1252)
     1>d:\testmvc\project4\project4\source.cpp(248): warning C4566: character represented by universal-character-name '\u1EED' cannot be represented in the current code page (1252)
     1>d:\testmvc\project4\project4\source.cpp(256): warning C4566: character represented by universal-character-name '\u1EAD' cannot be represented in the current code page (1252)
     1>d:\testmvc\project4\project4\source.cpp(256): warning C4566: character represented by universal-character-name '\u1ED1' cannot be represented in the current code page (1252)
     1>d:\testmvc\project4\project4\source.cpp(256): warning C4566: character represented by universal-character-name '\u1EA7' cannot be represented in the current code page (1252)
     1>d:\testmvc\project4\project4\source.cpp(256): warning C4566: character represented by universal-character-name '\u1EED' cannot be represented in the current code page (1252)
     1>d:\testmvc\project4\project4\source.cpp(256): warning C4566: character represented by universal-character-name '\u1EE7' cannot be represented in the current code page (1252)
     1>d:\testmvc\project4\project4\source.cpp(259): warning C4566: character represented by universal-character-name '\u1EAD' cannot be represented in the current code page (1252)
     1>d:\testmvc\project4\project4\source.cpp(259): warning C4566: character represented by universal-character-name '\u1EA7' cannot be represented in the current code page (1252)
     1>d:\testmvc\project4\project4\source.cpp(259): warning C4566: character represented by universal-character-name '\u1EED' cannot be represented in the current code page (1252)
     1>d:\testmvc\project4\project4\source.cpp(259): warning C4566: character represented by universal-character-name '\u1EE7' cannot be represented in the current code page (1252)
     1>d:\testmvc\project4\project4\source.cpp(263): warning C4566: character represented by universal-character-name '\u1EAD' cannot be represented in the current code page (1252)
     1>d:\testmvc\project4\project4\source.cpp(263): warning C4566: character represented by universal-character-name '\u1ED1' cannot be represented in the current code page (1252)
     1>d:\testmvc\project4\project4\source.cpp(263): warning C4566: character represented by universal-character-name '\u1EA7' cannot be represented in the current code page (1252)
     1>d:\testmvc\project4\project4\source.cpp(263): warning C4566: character represented by universal-character-name '\u1EED' cannot be represented in the current code page (1252)
     1>d:\testmvc\project4\project4\source.cpp(263): warning C4566: character represented by universal-character-name '\u1EE7' cannot be represented in the current code page (1252)
     1>d:\testmvc\project4\project4\source.cpp(266): warning C4566: character represented by universal-character-name '\u1EAD' cannot be represented in the current code page (1252)
     1>d:\testmvc\project4\project4\source.cpp(266): warning C4566: character represented by universal-character-name '\u1EA7' cannot be represented in the current code page (1252)
     1>d:\testmvc\project4\project4\source.cpp(266): warning C4566: character represented by universal-character-name '\u1EED' cannot be represented in the current code page (1252)
     1>d:\testmvc\project4\project4\source.cpp(266): warning C4566: character represented by universal-character-name '\u1EE7' cannot be represented in the current code page (1252)
     1>d:\testmvc\project4\project4\source.cpp(271): warning C4566: character represented by universal-character-name '\u1EA3' cannot be represented in the current code page (1252)
       Link:
         C:\Program Files (x86)\VISUAL\VC\bin\link.exe /ERRORREPORT:PROMPT /OUT:"D:\TestMVC\Project4\Debug\Project4.exe" /INCREMENTAL /NOLOGO kernel32.lib user32.lib gdi32.lib winspool.lib comdlg32.lib advapi32.lib shell32.lib ole32.lib oleaut32.lib uuid.lib odbc32.lib odbccp32.lib /MANIFEST /MANIFESTUAC:"level='asInvoker' uiAccess='false'" /manifest:embed /DEBUG /PDB:"D:\TestMVC\Project4\Debug\Project4.pdb" /TLBID:1 /DYNAMICBASE /NXCOMPAT /IMPLIB:"D:\TestMVC\Project4\Debug\Project4.lib" /MACHINE:X86 Debug\Source.obj
         Project4.vcxproj -> D:\TestMVC\Project4\Debug\Project4.exe
     1>Done Building Project "D:\TestMVC\Project4\Project4\Project4.vcxproj" (Build target(s)).

Build succeeded.

Time Elapsed 00:00:00.73
